<?xml version="1.0" encoding="UTF-8"?>
<!-- Generated by org.testng.reporters.JUnitXMLReporter -->
<testsuite hostname="DESKTOP-82D4MVP" ignored="0" name="Default test" tests="2" failures="0" timestamp="2020-05-04T17:49:34 IST" time="54.429" errors="0">
  <testcase name="runScenario" time="26.207" classname="io.cucumber.testng.AbstractTestNGCucumberTests"/>
  <testcase name="runScenario" time="26.702" classname="io.cucumber.testng.AbstractTestNGCucumberTests"/>
</testsuite> <!-- Default test -->
