<?xml version="1.0" encoding="UTF-8"?>
<!-- Generated by org.testng.reporters.JUnitReportReporter -->
<testsuite skipped="0" hostname="DESKTOP-82D4MVP" name="testRunner.TestRunner" tests="2" failures="0" timestamp="2020-05-05T11:54:25 IST" time="36.343" errors="2">
  <testcase name="runScenario" time="20.510" classname="testRunner.TestRunner">
    <error type="org.openqa.selenium.SessionNotCreatedException" message="session not created
from chrome not reachable
  (Session info: chrome=81.0.4044.129)
Build info: version: &#039;3.141.59&#039;, revision: &#039;e82be7d358&#039;, time: &#039;2018-11-14T08:17:03&#039;
System info: host: &#039;DESKTOP-82D4MVP&#039;, ip: &#039;192.168.1.7&#039;, os.name: &#039;Windows 10&#039;, os.arch: &#039;amd64&#039;, os.version: &#039;10.0&#039;, java.version: &#039;1.8.0_171&#039;
Driver info: driver.version: ChromeDriver
remote stacktrace: Backtrace:
	Ordinal0 [0x00AD0C83+1707139]
	Ordinal0 [0x00A368F1+1075441]
	Ordinal0 [0x009ADE72+515698]
	Ordinal0 [0x009A7CA8+490664]
	Ordinal0 [0x009A839B+492443]
	Ordinal0 [0x009A92F5+496373]
	Ordinal0 [0x009A4F05+478981]
	Ordinal0 [0x009AECA0+519328]
	Ordinal0 [0x0095CA67+182887]
	Ordinal0 [0x0095BDDD+179677]
	Ordinal0 [0x00959D4B+171339]
	Ordinal0 [0x00941D4A+73034]
	Ordinal0 [0x00942DC0+77248]
	Ordinal0 [0x00942D59+77145]
	Ordinal0 [0x00A4BB67+1162087]
	GetHandleVerifier [0x00B6A966+508998]
	GetHandleVerifier [0x00B6A6A4+508292]
	GetHandleVerifier [0x00B7F7B7+594583]
	GetHandleVerifier [0x00B6B1D6+511158]
	Ordinal0 [0x00A4402C+1130540]
	Ordinal0 [0x00A4D4CB+1168587]
	Ordinal0 [0x00A4D633+1168947]
	Ordinal0 [0x00A65B35+1268533]
	BaseThreadInitThunk [0x76906359+25]
	RtlGetAppContainerNamedObjectPath [0x77817C14+228]
	RtlGetAppContainerNamedObjectPath [0x77817BE4+180]
">
      <![CDATA[org.openqa.selenium.SessionNotCreatedException: session not created
from chrome not reachable
  (Session info: chrome=81.0.4044.129)
Build info: version: '3.141.59', revision: 'e82be7d358', time: '2018-11-14T08:17:03'
System info: host: 'DESKTOP-82D4MVP', ip: '192.168.1.7', os.name: 'Windows 10', os.arch: 'amd64', os.version: '10.0', java.version: '1.8.0_171'
Driver info: driver.version: ChromeDriver
remote stacktrace: Backtrace:
Ordinal0 [0x00AD0C83+1707139]
Ordinal0 [0x00A368F1+1075441]
Ordinal0 [0x009ADE72+515698]
Ordinal0 [0x009A7CA8+490664]
Ordinal0 [0x009A839B+492443]
Ordinal0 [0x009A92F5+496373]
Ordinal0 [0x009A4F05+478981]
Ordinal0 [0x009AECA0+519328]
Ordinal0 [0x0095CA67+182887]
Ordinal0 [0x0095BDDD+179677]
Ordinal0 [0x00959D4B+171339]
Ordinal0 [0x00941D4A+73034]
Ordinal0 [0x00942DC0+77248]
Ordinal0 [0x00942D59+77145]
Ordinal0 [0x00A4BB67+1162087]
GetHandleVerifier [0x00B6A966+508998]
GetHandleVerifier [0x00B6A6A4+508292]
GetHandleVerifier [0x00B7F7B7+594583]
GetHandleVerifier [0x00B6B1D6+511158]
Ordinal0 [0x00A4402C+1130540]
Ordinal0 [0x00A4D4CB+1168587]
Ordinal0 [0x00A4D633+1168947]
Ordinal0 [0x00A65B35+1268533]
BaseThreadInitThunk [0x76906359+25]
RtlGetAppContainerNamedObjectPath [0x77817C14+228]
RtlGetAppContainerNamedObjectPath [0x77817BE4+180]

at sun.reflect.NativeConstructorAccessorImpl.newInstance0(Native Method)
at sun.reflect.NativeConstructorAccessorImpl.newInstance(Unknown Source)
at sun.reflect.DelegatingConstructorAccessorImpl.newInstance(Unknown Source)
at java.lang.reflect.Constructor.newInstance(Unknown Source)
at org.openqa.selenium.remote.W3CHandshakeResponse.lambda$errorHandler$0(W3CHandshakeResponse.java:62)
at org.openqa.selenium.remote.HandshakeResponse.lambda$getResponseFunction$0(HandshakeResponse.java:30)
at org.openqa.selenium.remote.ProtocolHandshake.lambda$createSession$0(ProtocolHandshake.java:126)
at java.util.stream.ReferencePipeline$3$1.accept(Unknown Source)
at java.util.Spliterators$ArraySpliterator.tryAdvance(Unknown Source)
at java.util.stream.ReferencePipeline.forEachWithCancel(Unknown Source)
at java.util.stream.AbstractPipeline.copyIntoWithCancel(Unknown Source)
at java.util.stream.AbstractPipeline.copyInto(Unknown Source)
at java.util.stream.AbstractPipeline.wrapAndCopyInto(Unknown Source)
at java.util.stream.FindOps$FindOp.evaluateSequential(Unknown Source)
at java.util.stream.AbstractPipeline.evaluate(Unknown Source)
at java.util.stream.ReferencePipeline.findFirst(Unknown Source)
at org.openqa.selenium.remote.ProtocolHandshake.createSession(ProtocolHandshake.java:128)
at org.openqa.selenium.remote.ProtocolHandshake.createSession(ProtocolHandshake.java:74)
at org.openqa.selenium.remote.HttpCommandExecutor.execute(HttpCommandExecutor.java:136)
at org.openqa.selenium.remote.service.DriverCommandExecutor.execute(DriverCommandExecutor.java:83)
at org.openqa.selenium.remote.RemoteWebDriver.execute(RemoteWebDriver.java:552)
at org.openqa.selenium.remote.RemoteWebDriver.startSession(RemoteWebDriver.java:213)
at org.openqa.selenium.remote.RemoteWebDriver.<init>(RemoteWebDriver.java:131)
at org.openqa.selenium.chrome.ChromeDriver.<init>(ChromeDriver.java:181)
at org.openqa.selenium.chrome.ChromeDriver.<init>(ChromeDriver.java:168)
at org.openqa.selenium.chrome.ChromeDriver.<init>(ChromeDriver.java:123)
at helpers.BrowserDriverHelper.selectWebdriver(BrowserDriverHelper.java:49)
at testBase.TestBase.getWebDriver(TestBase.java:15)
at stepDefinitions.AmazonLoginStepDef.selected_browser(AmazonLoginStepDef.java:41)
at ✽.selected browser(file:src/test/java/features/amazonlogin.feature:8)
]]>
    </error>
  </testcase> <!-- runScenario -->
  <system-out/>
  <testcase name="runScenario" time="15.833" classname="testRunner.TestRunner">
    <error type="org.openqa.selenium.SessionNotCreatedException" message="session not created
from chrome not reachable
  (Session info: chrome=81.0.4044.129)
Build info: version: &#039;3.141.59&#039;, revision: &#039;e82be7d358&#039;, time: &#039;2018-11-14T08:17:03&#039;
System info: host: &#039;DESKTOP-82D4MVP&#039;, ip: &#039;192.168.1.7&#039;, os.name: &#039;Windows 10&#039;, os.arch: &#039;amd64&#039;, os.version: &#039;10.0&#039;, java.version: &#039;1.8.0_171&#039;
Driver info: driver.version: ChromeDriver
remote stacktrace: Backtrace:
	Ordinal0 [0x00AD0C83+1707139]
	Ordinal0 [0x00A368F1+1075441]
	Ordinal0 [0x009ADE72+515698]
	Ordinal0 [0x009A7CA8+490664]
	Ordinal0 [0x009A839B+492443]
	Ordinal0 [0x009A92F5+496373]
	Ordinal0 [0x009A4F05+478981]
	Ordinal0 [0x009AECA0+519328]
	Ordinal0 [0x0095CA67+182887]
	Ordinal0 [0x0095BDDD+179677]
	Ordinal0 [0x00959D4B+171339]
	Ordinal0 [0x00941D4A+73034]
	Ordinal0 [0x00942DC0+77248]
	Ordinal0 [0x00942D59+77145]
	Ordinal0 [0x00A4BB67+1162087]
	GetHandleVerifier [0x00B6A966+508998]
	GetHandleVerifier [0x00B6A6A4+508292]
	GetHandleVerifier [0x00B7F7B7+594583]
	GetHandleVerifier [0x00B6B1D6+511158]
	Ordinal0 [0x00A4402C+1130540]
	Ordinal0 [0x00A4D4CB+1168587]
	Ordinal0 [0x00A4D633+1168947]
	Ordinal0 [0x00A65B35+1268533]
	BaseThreadInitThunk [0x76906359+25]
	RtlGetAppContainerNamedObjectPath [0x77817C14+228]
	RtlGetAppContainerNamedObjectPath [0x77817BE4+180]
">
      <![CDATA[org.openqa.selenium.SessionNotCreatedException: session not created
from chrome not reachable
  (Session info: chrome=81.0.4044.129)
Build info: version: '3.141.59', revision: 'e82be7d358', time: '2018-11-14T08:17:03'
System info: host: 'DESKTOP-82D4MVP', ip: '192.168.1.7', os.name: 'Windows 10', os.arch: 'amd64', os.version: '10.0', java.version: '1.8.0_171'
Driver info: driver.version: ChromeDriver
remote stacktrace: Backtrace:
Ordinal0 [0x00AD0C83+1707139]
Ordinal0 [0x00A368F1+1075441]
Ordinal0 [0x009ADE72+515698]
Ordinal0 [0x009A7CA8+490664]
Ordinal0 [0x009A839B+492443]
Ordinal0 [0x009A92F5+496373]
Ordinal0 [0x009A4F05+478981]
Ordinal0 [0x009AECA0+519328]
Ordinal0 [0x0095CA67+182887]
Ordinal0 [0x0095BDDD+179677]
Ordinal0 [0x00959D4B+171339]
Ordinal0 [0x00941D4A+73034]
Ordinal0 [0x00942DC0+77248]
Ordinal0 [0x00942D59+77145]
Ordinal0 [0x00A4BB67+1162087]
GetHandleVerifier [0x00B6A966+508998]
GetHandleVerifier [0x00B6A6A4+508292]
GetHandleVerifier [0x00B7F7B7+594583]
GetHandleVerifier [0x00B6B1D6+511158]
Ordinal0 [0x00A4402C+1130540]
Ordinal0 [0x00A4D4CB+1168587]
Ordinal0 [0x00A4D633+1168947]
Ordinal0 [0x00A65B35+1268533]
BaseThreadInitThunk [0x76906359+25]
RtlGetAppContainerNamedObjectPath [0x77817C14+228]
RtlGetAppContainerNamedObjectPath [0x77817BE4+180]

at sun.reflect.NativeConstructorAccessorImpl.newInstance0(Native Method)
at sun.reflect.NativeConstructorAccessorImpl.newInstance(Unknown Source)
at sun.reflect.DelegatingConstructorAccessorImpl.newInstance(Unknown Source)
at java.lang.reflect.Constructor.newInstance(Unknown Source)
at org.openqa.selenium.remote.W3CHandshakeResponse.lambda$errorHandler$0(W3CHandshakeResponse.java:62)
at org.openqa.selenium.remote.HandshakeResponse.lambda$getResponseFunction$0(HandshakeResponse.java:30)
at org.openqa.selenium.remote.ProtocolHandshake.lambda$createSession$0(ProtocolHandshake.java:126)
at java.util.stream.ReferencePipeline$3$1.accept(Unknown Source)
at java.util.Spliterators$ArraySpliterator.tryAdvance(Unknown Source)
at java.util.stream.ReferencePipeline.forEachWithCancel(Unknown Source)
at java.util.stream.AbstractPipeline.copyIntoWithCancel(Unknown Source)
at java.util.stream.AbstractPipeline.copyInto(Unknown Source)
at java.util.stream.AbstractPipeline.wrapAndCopyInto(Unknown Source)
at java.util.stream.FindOps$FindOp.evaluateSequential(Unknown Source)
at java.util.stream.AbstractPipeline.evaluate(Unknown Source)
at java.util.stream.ReferencePipeline.findFirst(Unknown Source)
at org.openqa.selenium.remote.ProtocolHandshake.createSession(ProtocolHandshake.java:128)
at org.openqa.selenium.remote.ProtocolHandshake.createSession(ProtocolHandshake.java:74)
at org.openqa.selenium.remote.HttpCommandExecutor.execute(HttpCommandExecutor.java:136)
at org.openqa.selenium.remote.service.DriverCommandExecutor.execute(DriverCommandExecutor.java:83)
at org.openqa.selenium.remote.RemoteWebDriver.execute(RemoteWebDriver.java:552)
at org.openqa.selenium.remote.RemoteWebDriver.startSession(RemoteWebDriver.java:213)
at org.openqa.selenium.remote.RemoteWebDriver.<init>(RemoteWebDriver.java:131)
at org.openqa.selenium.chrome.ChromeDriver.<init>(ChromeDriver.java:181)
at org.openqa.selenium.chrome.ChromeDriver.<init>(ChromeDriver.java:168)
at org.openqa.selenium.chrome.ChromeDriver.<init>(ChromeDriver.java:123)
at helpers.BrowserDriverHelper.selectWebdriver(BrowserDriverHelper.java:49)
at testBase.TestBase.getWebDriver(TestBase.java:15)
at stepDefinitions.AmazonLoginStepDef.selected_browser(AmazonLoginStepDef.java:41)
at ✽.selected browser(file:src/test/java/features/amazonlogin.feature:8)
]]>
    </error>
  </testcase> <!-- runScenario -->
  <system-out/>
</testsuite> <!-- testRunner.TestRunner -->
