<?xml version="1.0" encoding="UTF-8"?>
<testng-results skipped="0" failed="0" ignored="0" total="0" passed="0">
  <reporter-output>
  </reporter-output>
  <suite name="Suite" duration-ms="13" started-at="2020-05-05T11:58:48 IST" finished-at="2020-05-05T11:58:48 IST">
    <groups>
    </groups>
    <test name="testRunner.TestRunner" duration-ms="13" started-at="2020-05-05T11:58:48 IST" finished-at="2020-05-05T11:58:48 IST">
    </test> <!-- testRunner.TestRunner -->
  </suite> <!-- Suite -->
</testng-results>
